Determining if the pthread_create exist failed with the following output:
Change Dir: /home/leinao/xflow_demo/build/CMakeFiles/CMakeTmp

Run Build Command:"/usr/bin/make" "cmTC_6b38d/fast"
make[1]: Entering directory '/home/leinao/xflow_demo/build/CMakeFiles/CMakeTmp'
/usr/bin/make -f CMakeFiles/cmTC_6b38d.dir/build.make CMakeFiles/cmTC_6b38d.dir/build
make[2]: Entering directory '/home/leinao/xflow_demo/build/CMakeFiles/CMakeTmp'
Building C object CMakeFiles/cmTC_6b38d.dir/CheckSymbolExists.c.o
/usr/bin/cc    -o CMakeFiles/cmTC_6b38d.dir/CheckSymbolExists.c.o   -c /home/leinao/xflow_demo/build/CMakeFiles/CMakeTmp/CheckSymbolExists.c
Linking C executable cmTC_6b38d
/opt/cmake-3.13.0/bin/cmake -E cmake_link_script CMakeFiles/cmTC_6b38d.dir/link.txt --verbose=1
/usr/bin/cc      -rdynamic CMakeFiles/cmTC_6b38d.dir/CheckSymbolExists.c.o  -o cmTC_6b38d 
CMakeFiles/cmTC_6b38d.dir/CheckSymbolExists.c.o: In function `main':
CheckSymbolExists.c:(.text+0x16): undefined reference to `pthread_create'
collect2: error: ld returned 1 exit status
CMakeFiles/cmTC_6b38d.dir/build.make:86: recipe for target 'cmTC_6b38d' failed
make[2]: *** [cmTC_6b38d] Error 1
make[2]: Leaving directory '/home/leinao/xflow_demo/build/CMakeFiles/CMakeTmp'
Makefile:121: recipe for target 'cmTC_6b38d/fast' failed
make[1]: *** [cmTC_6b38d/fast] Error 2
make[1]: Leaving directory '/home/leinao/xflow_demo/build/CMakeFiles/CMakeTmp'

File /home/leinao/xflow_demo/build/CMakeFiles/CMakeTmp/CheckSymbolExists.c:
/* */
#include <pthread.h>

int main(int argc, char** argv)
{
  (void)argv;
#ifndef pthread_create
  return ((int*)(&pthread_create))[argc];
#else
  (void)argc;
  return 0;
#endif
}

